INFO:root:file_name=['папка 2'] [extension]=[[]] [is_dir]=[True] root=['папка']
INFO:root:file_name=['Git Bash'] [extension]=['lnk'] [is_dir]=[False] root=['папка']
INFO:root:file_name=['GitHub Desktop'] [extension]=['lnk'] [is_dir]=[False] root=['папка']
INFO:root:file_name=['PyCharm Community Edition 2023', '2', '5'] [extension]=['lnk'] [is_dir]=[False] root=['папка']
INFO:root:file_name=['Visual Studio Code - Insiders'] [extension]=['lnk'] [is_dir]=[False] root=['папка']
INFO:root:file_name=['Новый текстовый документ'] [extension]=['txt'] [is_dir]=[False] root=['папка']
INFO:root:file_name=['Текстовый документ (2)'] [extension]=['txt'] [is_dir]=[False] root=['папка']
INFO:root:file_name=['игры'] [extension]=[[]] [is_dir]=[True] root=['папка 2']
INFO:root:file_name=['Surveillance_client'] [extension]=['lnk'] [is_dir]=[False] root=['папка 2']
INFO:root:file_name=['VMware Workstation Pro'] [extension]=['lnk'] [is_dir]=[False] root=['папка 2']
INFO:root:file_name=['Документы - Ярлык'] [extension]=['lnk'] [is_dir]=[False] root=['папка 2']
INFO:root:file_name=[] [extension]=[[]] [is_dir]=[True] root=['игры']
INFO:root:file_name=['Apex Legends'] [extension]=['url'] [is_dir]=[False] root=['игры']
INFO:root:file_name=['Arma 3'] [extension]=['url'] [is_dir]=[False] root=['игры']
INFO:root:file_name=['Caliber'] [extension]=['lnk'] [is_dir]=[False] root=['игры']
INFO:root:file_name=['Counter-Strike Global Offensive'] [extension]=['url'] [is_dir]=[False] root=['игры']
INFO:root:file_name=['Devil May Cry 4 Special Edition'] [extension]=['lnk'] [is_dir]=[False] root=['игры']
INFO:root:file_name=['Epic Games Launcher'] [extension]=['lnk'] [is_dir]=[False] root=['игры']
INFO:root:file_name=['HOT WHEELS UNLEASHED'] [extension]=['lnk'] [is_dir]=[False] root=['игры']
INFO:root:file_name=['PUBG BATTLEGROUNDS'] [extension]=['url'] [is_dir]=[False] root=['игры']
INFO:root:file_name=['Pummel Party'] [extension]=['lnk'] [is_dir]=[False] root=['игры']
INFO:root:file_name=['Steam'] [extension]=['lnk'] [is_dir]=[False] root=['игры']
INFO:root:file_name=['Unity Hub'] [extension]=['lnk'] [is_dir]=[False] root=['игры']
INFO:root:file_name=['Unreal Engine'] [extension]=['lnk'] [is_dir]=[False] root=['игры']
INFO:root:file_name=['WarThunder'] [extension]=['lnk'] [is_dir]=[False] root=['игры']
INFO:root:file_name=['Игры По Сети'] [extension]=['lnk'] [is_dir]=[False] root=['игры']
